Sat Mar  9 02:17:13 MST 2024 - Disk usage is 38%, exceeds threshold of 30%
Sat Mar  9 02:17:21 MST 2024 - Disk usage is 38%, exceeds threshold of 30%
Sat Mar  9 02:17:39 MST 2024 - CPU usage is 14%, within threshold
Sat Mar  9 02:17:44 MST 2024 - CPU usage is 4.5%, within threshold
Sat Mar  9 02:17:45 MST 2024 - CPU usage is 2.4%, within threshold
Sat Mar  9 02:17:46 MST 2024 - CPU usage is 2.4%, within threshold
Sat Mar  9 02:17:56 MST 2024 - Available memory is 459364 KB, above threshold
Sat Mar  9 02:17:57 MST 2024 - Available memory is 458860 KB, above threshold
Sat Mar  9 02:17:58 MST 2024 - Available memory is 457600 KB, above threshold
Sat Mar  9 02:17:58 MST 2024 - Available memory is 457600 KB, above threshold
Sat Mar  9 02:18:07 MST 2024 - Available memory is 478456 KB, above threshold
Sat Mar  9 02:18:07 MST 2024 - Available memory is 471400 KB, above threshold
Sat Mar  9 02:18:23 MST 2024 - Log file /path/to/logfile.log not found
Sat Mar  9 02:18:24 MST 2024 - Log file /path/to/logfile.log not found
Sat Mar  9 02:18:25 MST 2024 - Log file /path/to/logfile.log not found
Sat Mar  9 02:18:25 MST 2024 - Log file /path/to/logfile.log not found
Sat Mar  9 02:18:25 MST 2024 - Log file /path/to/logfile.log not found
Sat Mar  9 02:18:25 MST 2024 - Log file /path/to/logfile.log not found
Sat Mar  9 02:18:26 MST 2024 - Log file /path/to/logfile.log not found
Sat Mar  9 02:18:26 MST 2024 - Log file /path/to/logfile.log not found
Sat Mar  9 02:18:36 MST 2024 - Available memory is 459368 KB, above threshold
Sat Mar  9 02:18:36 MST 2024 - Available memory is 459140 KB, above threshold
Sat Mar  9 02:18:37 MST 2024 - Disk usage is 38%, exceeds threshold of 30%
Sat Mar  9 02:18:37 MST 2024 - Disk usage is 38%, exceeds threshold of 30%
Sat Mar  9 02:18:37 MST 2024 - Disk usage is 38%, exceeds threshold of 30%
Sat Mar  9 02:18:37 MST 2024 - Disk usage is 38%, exceeds threshold of 30%
Sat Mar  9 02:18:38 MST 2024 - Disk usage is 38%, exceeds threshold of 30%
Sat Mar  9 02:18:38 MST 2024 - Disk usage is 38%, exceeds threshold of 30%
Sat Mar  9 02:18:38 MST 2024 - Disk usage is 38%, exceeds threshold of 30%
Sat Mar  9 02:18:38 MST 2024 - Disk usage is 38%, exceeds threshold of 30%
Sat Mar  9 02:18:38 MST 2024 - Disk usage is 38%, exceeds threshold of 30%
Sat Mar  9 02:18:39 MST 2024 - Disk usage is 38%, exceeds threshold of 30%
Sat Mar  9 02:18:39 MST 2024 - Disk usage is 38%, exceeds threshold of 30%
Sat Mar  9 02:18:39 MST 2024 - Disk usage is 38%, exceeds threshold of 30%
Sat Mar  9 02:18:39 MST 2024 - Disk usage is 38%, exceeds threshold of 30%
Sat Mar  9 02:18:39 MST 2024 - Disk usage is 38%, exceeds threshold of 30%
Sat Mar  9 02:18:40 MST 2024 - Disk usage is 38%, exceeds threshold of 30%
Sat Mar  9 02:18:40 MST 2024 - Disk usage is 38%, exceeds threshold of 30%
Sat Mar  9 02:18:40 MST 2024 - Disk usage is 38%, exceeds threshold of 30%
Sat Mar  9 02:18:40 MST 2024 - Disk usage is 38%, exceeds threshold of 30%
Sat Mar  9 02:18:40 MST 2024 - Disk usage is 38%, exceeds threshold of 30%
Sat Mar  9 02:18:41 MST 2024 - Disk usage is 38%, exceeds threshold of 30%
Sat Mar  9 02:18:41 MST 2024 - Disk usage is 38%, exceeds threshold of 30%
Sat Mar  9 02:18:41 MST 2024 - Disk usage is 38%, exceeds threshold of 30%
Sat Mar  9 02:18:41 MST 2024 - Disk usage is 38%, exceeds threshold of 30%
Sat Mar  9 02:18:41 MST 2024 - Disk usage is 38%, exceeds threshold of 30%
Sat Mar  9 02:18:42 MST 2024 - Disk usage is 38%, exceeds threshold of 30%
Sat Mar  9 02:18:42 MST 2024 - Disk usage is 38%, exceeds threshold of 30%
Sat Mar  9 02:18:42 MST 2024 - Disk usage is 38%, exceeds threshold of 30%
Sat Mar  9 02:18:42 MST 2024 - Disk usage is 38%, exceeds threshold of 30%
Sat Mar  9 02:18:42 MST 2024 - Disk usage is 38%, exceeds threshold of 30%
Sat Mar  9 02:18:43 MST 2024 - Disk usage is 38%, exceeds threshold of 30%
Sat Mar  9 02:18:43 MST 2024 - Disk usage is 38%, exceeds threshold of 30%
Sat Mar  9 02:18:43 MST 2024 - Disk usage is 38%, exceeds threshold of 30%
Sat Mar  9 02:18:43 MST 2024 - Disk usage is 38%, exceeds threshold of 30%
Sat Mar  9 02:18:43 MST 2024 - Disk usage is 38%, exceeds threshold of 30%
Sat Mar  9 02:18:44 MST 2024 - Disk usage is 38%, exceeds threshold of 30%
Sat Mar  9 02:18:44 MST 2024 - Disk usage is 38%, exceeds threshold of 30%
Sat Mar  9 02:18:44 MST 2024 - Disk usage is 38%, exceeds threshold of 30%
Sat Mar  9 02:18:44 MST 2024 - Disk usage is 38%, exceeds threshold of 30%
Sat Mar  9 02:18:44 MST 2024 - Disk usage is 38%, exceeds threshold of 30%
Sat Mar  9 02:18:45 MST 2024 - Disk usage is 38%, exceeds threshold of 30%
Sat Mar  9 02:18:45 MST 2024 - Disk usage is 38%, exceeds threshold of 30%
Sat Mar  9 02:18:45 MST 2024 - Disk usage is 38%, exceeds threshold of 30%
Sat Mar  9 02:18:45 MST 2024 - Disk usage is 38%, exceeds threshold of 30%
Sat Mar  9 02:18:45 MST 2024 - Disk usage is 38%, exceeds threshold of 30%
Sat Mar  9 02:18:46 MST 2024 - Disk usage is 38%, exceeds threshold of 30%
Sat Mar  9 02:18:46 MST 2024 - Disk usage is 38%, exceeds threshold of 30%
Sat Mar  9 02:18:46 MST 2024 - Disk usage is 38%, exceeds threshold of 30%
Sat Mar  9 02:18:46 MST 2024 - Disk usage is 38%, exceeds threshold of 30%
Sat Mar  9 02:18:46 MST 2024 - Disk usage is 38%, exceeds threshold of 30%
Sat Mar  9 02:18:47 MST 2024 - Disk usage is 38%, exceeds threshold of 30%
Sat Mar  9 02:18:47 MST 2024 - Disk usage is 38%, exceeds threshold of 30%
Sat Mar  9 02:18:47 MST 2024 - Disk usage is 38%, exceeds threshold of 30%
Sat Mar  9 02:18:47 MST 2024 - Disk usage is 38%, exceeds threshold of 30%
Sat Mar  9 02:18:48 MST 2024 - Disk usage is 38%, exceeds threshold of 30%
Sat Mar  9 02:18:48 MST 2024 - Disk usage is 38%, exceeds threshold of 30%
Sat Mar  9 02:18:48 MST 2024 - Disk usage is 38%, exceeds threshold of 30%
Sat Mar  9 02:18:48 MST 2024 - Disk usage is 38%, exceeds threshold of 30%
Sat Mar  9 02:18:49 MST 2024 - Disk usage is 38%, exceeds threshold of 30%
Sat Mar  9 02:18:49 MST 2024 - Disk usage is 38%, exceeds threshold of 30%
Sat Mar  9 02:18:49 MST 2024 - Disk usage is 38%, exceeds threshold of 30%
Sat Mar  9 02:18:49 MST 2024 - Disk usage is 38%, exceeds threshold of 30%
Sat Mar  9 02:18:52 MST 2024 - Disk usage is 38%, exceeds threshold of 30%
Sat Mar  9 02:18:53 MST 2024 - Disk usage is 38%, exceeds threshold of 30%
Sat Mar  9 02:18:53 MST 2024 - Disk usage is 38%, exceeds threshold of 30%
Sat Mar  9 02:18:53 MST 2024 - Disk usage is 38%, exceeds threshold of 30%
Sat Mar  9 02:18:54 MST 2024 - CPU usage is 9.1%, within threshold
Sat Mar  9 02:18:54 MST 2024 - CPU usage is 20.5%, within threshold
Sat Mar  9 02:18:54 MST 2024 - CPU usage is 14%, within threshold
Sat Mar  9 02:18:55 MST 2024 - CPU usage is 15.9%, within threshold
Sat Mar  9 02:18:55 MST 2024 - CPU usage is 7%, within threshold
Sat Mar  9 02:18:55 MST 2024 - CPU usage is 16.7%, within threshold
Sat Mar  9 02:18:55 MST 2024 - CPU usage is 4.7%, within threshold
Sat Mar  9 02:18:55 MST 2024 - CPU usage is 8.9%, within threshold
Sat Mar  9 02:18:56 MST 2024 - CPU usage is 4.7%, within threshold
Sat Mar  9 02:18:56 MST 2024 - CPU usage is 2.4%, within threshold
Sat Mar  9 02:18:56 MST 2024 - CPU usage is 7.3%, within threshold
Sat Mar  9 02:18:56 MST 2024 - CPU usage is 7%, within threshold
Sat Mar  9 02:18:57 MST 2024 - CPU usage is 14%, within threshold
Sat Mar  9 02:18:57 MST 2024 - CPU usage is 9.3%, within threshold
Sat Mar  9 02:18:57 MST 2024 - CPU usage is 18.6%, within threshold
Sat Mar  9 02:18:57 MST 2024 - CPU usage is 9.3%, within threshold
Sat Mar  9 02:18:58 MST 2024 - CPU usage is 18.2%, within threshold
Sat Mar  9 02:18:58 MST 2024 - CPU usage is 2.4%, within threshold
Sat Mar  9 02:18:58 MST 2024 - CPU usage is 18.6%, within threshold
Sat Mar  9 02:18:58 MST 2024 - CPU usage is 2.4%, within threshold
Sat Mar  9 02:18:58 MST 2024 - CPU usage is 15.2%, within threshold
Sat Mar  9 02:18:59 MST 2024 - CPU usage is 9.1%, within threshold
Sat Mar  9 02:18:59 MST 2024 - CPU usage is 9.1%, within threshold
Sat Mar  9 02:18:59 MST 2024 - CPU usage is 9.3%, within threshold
Sat Mar  9 02:18:59 MST 2024 - CPU usage is 6.8%, within threshold
Sat Mar  9 02:19:00 MST 2024 - CPU usage is 11.6%, within threshold
Sat Mar  9 02:19:00 MST 2024 - CPU usage is 4.8%, within threshold
Sat Mar  9 02:19:00 MST 2024 - CPU usage is 11.9%, within threshold
Sat Mar  9 02:19:00 MST 2024 - CPU usage is 11.1%, within threshold
Sat Mar  9 02:19:01 MST 2024 - CPU usage is 20.9%, within threshold
Sat Mar  9 02:19:01 MST 2024 - CPU usage is 4.8%, within threshold
Sat Mar  9 02:19:01 MST 2024 - CPU usage is 18.6%, within threshold
Sat Mar  9 02:19:01 MST 2024 - CPU usage is 6.7%, within threshold
Sat Mar  9 02:19:02 MST 2024 - CPU usage is 19.6%, within threshold
Sat Mar  9 02:19:02 MST 2024 - CPU usage is 4.8%, within threshold
Sat Mar  9 02:19:02 MST 2024 - CPU usage is 17.4%, within threshold
Sat Mar  9 02:19:02 MST 2024 - CPU usage is 6.8%, within threshold
Sat Mar  9 02:19:02 MST 2024 - CPU usage is 17%, within threshold
Sat Mar  9 02:19:03 MST 2024 - CPU usage is 8.9%, within threshold
Sat Mar  9 02:19:03 MST 2024 - CPU usage is 7.1%, within threshold
Sat Mar  9 02:19:03 MST 2024 - CPU usage is 7.1%, within threshold
Sat Mar  9 02:19:03 MST 2024 - CPU usage is 9.1%, within threshold
Sat Mar  9 02:19:04 MST 2024 - CPU usage is 7.1%, within threshold
Sat Mar  9 02:19:04 MST 2024 - CPU usage is 4.7%, within threshold
Sat Mar  9 02:19:04 MST 2024 - CPU usage is 11.9%, within threshold
Sat Mar  9 02:19:04 MST 2024 - CPU usage is 7%, within threshold
Sat Mar  9 02:19:05 MST 2024 - CPU usage is 17.1%, within threshold
Sat Mar  9 02:19:05 MST 2024 - CPU usage is 9.3%, within threshold
Sat Mar  9 02:19:05 MST 2024 - CPU usage is 22.2%, within threshold
Sat Mar  9 02:19:05 MST 2024 - CPU usage is 6.8%, within threshold
Sat Mar  9 02:19:06 MST 2024 - CPU usage is 21.7%, within threshold
Sat Mar  9 02:19:06 MST 2024 - CPU usage is 7%, within threshold
Sat Mar  9 02:19:06 MST 2024 - CPU usage is 14%, within threshold
Sat Mar  9 02:19:06 MST 2024 - CPU usage is 8.7%, within threshold
Sat Mar  9 02:19:06 MST 2024 - CPU usage is 13.6%, within threshold
Sat Mar  9 02:19:07 MST 2024 - CPU usage is 4.8%, within threshold
Sat Mar  9 02:19:07 MST 2024 - CPU usage is 7%, within threshold
Sat Mar  9 02:19:07 MST 2024 - CPU usage is 4.9%, within threshold
Sat Mar  9 02:19:07 MST 2024 - CPU usage is 4.7%, within threshold
Sat Mar  9 02:19:08 MST 2024 - CPU usage is 7.3%, within threshold
Sat Mar  9 02:19:08 MST 2024 - CPU usage is 7%, within threshold
Sat Mar  9 02:19:08 MST 2024 - CPU usage is 24.4%, within threshold
Sat Mar  9 02:19:08 MST 2024 - CPU usage is 4.7%, within threshold
Sat Mar  9 02:19:09 MST 2024 - CPU usage is 18.2%, within threshold
Sat Mar  9 02:19:09 MST 2024 - CPU usage is 4.8%, within threshold
Sat Mar  9 02:19:09 MST 2024 - CPU usage is 18.6%, within threshold
Sat Mar  9 02:19:09 MST 2024 - CPU usage is 7%, within threshold
Sat Mar  9 02:19:10 MST 2024 - CPU usage is 11.6%, within threshold
Sat Mar  9 02:19:10 MST 2024 - CPU usage is 4.7%, within threshold
Sat Mar  9 02:19:10 MST 2024 - CPU usage is 19.6%, within threshold
Sat Mar  9 02:19:10 MST 2024 - CPU usage is 9.3%, within threshold
Sat Mar  9 02:19:10 MST 2024 - CPU usage is 7%, within threshold
Sat Mar  9 02:19:11 MST 2024 - CPU usage is 4.8%, within threshold
Sat Mar  9 02:19:11 MST 2024 - CPU usage is 7.1%, within threshold
Sat Mar  9 02:19:11 MST 2024 - CPU usage is 15.9%, within threshold
Sat Mar  9 02:19:11 MST 2024 - CPU usage is 7%, within threshold
Sat Mar  9 02:19:12 MST 2024 - CPU usage is 12.2%, within threshold
Sat Mar  9 02:19:12 MST 2024 - CPU usage is 7%, within threshold
Sat Mar  9 02:19:12 MST 2024 - CPU usage is 23.3%, within threshold
Sat Mar  9 02:19:12 MST 2024 - CPU usage is 4.8%, within threshold
Sat Mar  9 02:19:13 MST 2024 - CPU usage is 15.9%, within threshold
Sat Mar  9 02:19:13 MST 2024 - CPU usage is 4.8%, within threshold
Sat Mar  9 02:19:13 MST 2024 - CPU usage is 17.8%, within threshold
Sat Mar  9 02:19:13 MST 2024 - CPU usage is 8.9%, within threshold
Sat Mar  9 02:19:13 MST 2024 - CPU usage is 23.9%, within threshold
Sat Mar  9 02:19:14 MST 2024 - CPU usage is 4.8%, within threshold
Sat Mar  9 02:19:14 MST 2024 - CPU usage is 13%, within threshold
Sat Mar  9 02:19:14 MST 2024 - CPU usage is 7.1%, within threshold
Sat Mar  9 02:19:14 MST 2024 - CPU usage is 31.8%, within threshold
Sat Mar  9 02:19:15 MST 2024 - CPU usage is 34.9%, within threshold
Sat Mar  9 02:19:15 MST 2024 - CPU usage is 30.2%, within threshold
Sat Mar  9 02:19:15 MST 2024 - CPU usage is 16.3%, within threshold
Sat Mar  9 02:19:15 MST 2024 - CPU usage is 2.4%, within threshold
Sat Mar  9 02:19:16 MST 2024 - CPU usage is 21.7%, within threshold
Sat Mar  9 02:19:16 MST 2024 - CPU usage is 6.8%, within threshold
Sat Mar  9 02:19:16 MST 2024 - CPU usage is 16.3%, within threshold
Sat Mar  9 02:19:16 MST 2024 - CPU usage is 7%, within threshold
Sat Mar  9 02:19:17 MST 2024 - CPU usage is 14.3%, within threshold
Sat Mar  9 02:19:17 MST 2024 - CPU usage is 7%, within threshold
Sat Mar  9 02:19:17 MST 2024 - CPU usage is 19.6%, within threshold
Sat Mar  9 02:19:17 MST 2024 - CPU usage is 6.8%, within threshold
Sat Mar  9 02:19:17 MST 2024 - CPU usage is 9.1%, within threshold
Sat Mar  9 02:19:18 MST 2024 - CPU usage is 8.9%, within threshold
Sat Mar  9 02:19:18 MST 2024 - CPU usage is 6.8%, within threshold
Sat Mar  9 02:19:18 MST 2024 - CPU usage is 31%, exceeds threshold of 30%
Sat Mar  9 02:19:18 MST 2024 - CPU usage is 7.1%, within threshold
Sat Mar  9 02:19:19 MST 2024 - CPU usage is 23.3%, within threshold
Sat Mar  9 02:19:19 MST 2024 - CPU usage is 4.7%, within threshold
Sat Mar  9 02:19:19 MST 2024 - CPU usage is 14.3%, within threshold
Sat Mar  9 02:19:19 MST 2024 - CPU usage is 8.9%, within threshold
Sat Mar  9 02:19:20 MST 2024 - CPU usage is 20.5%, within threshold
Sat Mar  9 02:19:20 MST 2024 - CPU usage is 8.7%, within threshold
Sat Mar  9 02:19:20 MST 2024 - CPU usage is 14%, within threshold
Sat Mar  9 02:19:20 MST 2024 - CPU usage is 11.1%, within threshold
Sat Mar  9 02:19:21 MST 2024 - CPU usage is 21.7%, within threshold
Sat Mar  9 02:19:21 MST 2024 - CPU usage is 2.4%, within threshold
Sat Mar  9 02:19:21 MST 2024 - CPU usage is 17.8%, within threshold
Sat Mar  9 02:19:22 MST 2024 - CPU usage is 18.2%, within threshold
Sat Mar  9 02:19:23 MST 2024 - CPU usage is 18.6%, within threshold
Sat Mar  9 02:19:23 MST 2024 - CPU usage is 25%, within threshold
Sat Mar  9 02:19:24 MST 2024 - CPU usage is 18.2%, within threshold
Sat Mar  9 02:19:24 MST 2024 - CPU usage is 9.1%, within threshold
Sat Mar  9 02:19:24 MST 2024 - CPU usage is 14%, within threshold
Sat Mar  9 02:19:24 MST 2024 - CPU usage is 4.8%, within threshold
Sat Mar  9 02:19:24 MST 2024 - CPU usage is 45.5%, within threshold
Mon Mar 11 06:24:55 MDT 2024 - Disk usage is 41%, exceeds threshold of 30%
Mon Mar 11 06:26:04 MDT 2024 - CPU usage is 5.6%, within threshold
Mon Mar 11 06:26:29 MDT 2024 - Available memory is 2418436 KB, above threshold
Mon Mar 11 06:26:40 MDT 2024 - Log file /path/to/logfile.log not found
Mon Mar 11 08:37:25 MDT 2024 - Disk usage is 40%, exceeds threshold of 30%
Mon Mar 11 08:37:26 MDT 2024 - CPU usage is 3.8%, within threshold
Mon Mar 11 08:37:29 MDT 2024 - Available memory is 2671124 KB, above threshold
Mon Mar 11 08:37:31 MDT 2024 - Log file /path/to/logfile.log not found
